1740141805.570364:          hermes.cli:     DEBUG | Running hermes with the following command line arguments: Namespace(subcommand='init', path=PosixPath('.'), config=PosixPath('hermes.toml'), options=[], template_branch='', command=<hermes.commands.init.base.HermesInitCommand object at 0x7b77f3142720>)
1740141805.570681:          hermes.cli:     DEBUG | Loading settings...
1740141805.570736:          hermes.cli:     DEBUG | Update settings from command line...
1740141805.570775:          hermes.cli:      INFO | Run subcommand init
1740141805.616879:         hermes.init:      INFO | Git project using GitHub detected.

1740141805.617078:         hermes.init:      INFO | Starting to initialize HERMES in /home/n.heeb/Desktop/my-hermes-fruit-salad ...
1740141805.617166:         hermes.init:      INFO | -- Step 1 of 7: Configure deposition platform and setup method --
1740141805.617249:         hermes.init:      INFO | Where do you want to publish the software?
1740142552.949537:          hermes.cli:     DEBUG | Running hermes with the following command line arguments: Namespace(subcommand='init', path=PosixPath('.'), config=PosixPath('hermes.toml'), options=[], template_branch='', command=<hermes.commands.init.base.HermesInitCommand object at 0x7c9246b30590>)
1740142552.949854:          hermes.cli:     DEBUG | Loading settings...
1740142552.949906:          hermes.cli:     DEBUG | Update settings from command line...
1740142552.949946:          hermes.cli:      INFO | Run subcommand init
1740142552.963583:         hermes.init:      INFO | Git project using GitHub detected.

1740142552.963830:         hermes.init:      INFO | Starting to initialize HERMES in /home/n.heeb/Desktop/my-hermes-fruit-salad ...
1740142552.963924:         hermes.init:      INFO | -- Step 1 of 7: Configure deposition platform and setup method --
1740142552.964013:         hermes.init:      INFO | Where do you want to publish the software?
1740142565.502263:         hermes.init:      INFO | You selected "Zenodo (Sandbox)".

1740142565.502640:         hermes.init:      INFO | How do you want to connect Zenodo (Sandbox) with your GitHub CI?
1740142588.377805:         hermes.init:      INFO | You selected "Automatically (using OAuth / Device Flow)".

1740142588.378123:         hermes.init:      INFO | -- Step 2 of 7: Configure HERMES behaviour --
1740142588.378223:         hermes.init:      INFO | When should the automated HERMES process start?
1740142616.297323:         hermes.init:      INFO | You selected "When I push another branch".

1740142640.452232:         hermes.init:      INFO | Which other folders / files of your root directory should be included in the Zenodo (Sandbox) upload?
1740142677.331822:         hermes.init:      INFO | You selected "Only src/*".

1740142677.332194:         hermes.init:      INFO | Your upload will consist of the following:
1740142677.332320:         hermes.init:      INFO | 	Unzipped:
1740142677.332389:         hermes.init:      INFO | 		README.md
1740142677.332447:         hermes.init:      INFO | 	Zipped:
1740142677.332510:         hermes.init:      INFO | 		src
1740142677.332609:         hermes.init:      INFO | -- Step 3 of 7: Create hermes.toml file --
1740142677.333261:         hermes.init:      INFO | `hermes.toml` was created.
1740142677.333385:         hermes.init:      INFO | -- Step 4 of 7: Create CITATION.cff file --
1740142677.333445:         hermes.init:      INFO | Your project does not contain a `CITATION.cff` file (yet). It would be very helpful for saving important metadata which is necessary for publishing.
1740142789.992662:         hermes.init:      INFO | Use this website (https://citation-file-format.github.io/cff-initializer-javascript/#/) to create the file. Then move it into the project folder before you continue.
1740143075.049950:         hermes.init:      INFO | Good job!
1740143075.050130:         hermes.init:      INFO | -- Step 5 of 7: Create git CI files --
1740143075.050329:         hermes.init:      INFO | A new `.gitignore` file was created.
1740143075.059187:         hermes.init:      INFO | Added `.hermes/` to the `.gitignore` file.
1740143075.473885:         hermes.init:      INFO | GitHub CI: File was created at .github/workflows/hermes_github.yml
1740143075.474063:         hermes.init:      INFO | -- Step 6 of 7: Connect with deposition platform --
1740143075.474147:         hermes.init:      INFO | Doing OAuth with Zenodo is currently not available.
1740143075.474290:         hermes.init:      INFO | Open this link (https://sandbox.zenodo.org/account/settings/applications/tokens/new/) and create an access token.
1740143075.474338:         hermes.init:      INFO | It needs the scopes "deposit:actions" and "deposit:write".
1740143191.412634:         hermes.init:      INFO | The token was validated by Zenodo (Sandbox).
1740143191.412950:         hermes.init:      INFO | -- Step 7 of 7: Connect with git project --
1740143191.413098:         hermes.init:      INFO | Using Device-Flow to authorize with GitHub
1740143191.684839:         hermes.init:      INFO | Open https://github.com/login/device and enter this code: 2060-E0F5
1740143260.188505:         hermes.init:      INFO | OAuth at GitHub was successful.
1740143260.876289:         hermes.init:      INFO | Secret 'ZENODO_SANDBOX' created/updated successfully.
1740143261.184919:         hermes.init:      INFO | Project settings updated successfully.
1740143261.187115:         hermes.init:      INFO | 
HERMES is now initialized and ready to be used.

1740143385.650407:          hermes.cli:     DEBUG | Running hermes with the following command line arguments: Namespace(subcommand='init', path=PosixPath('.'), config=PosixPath('hermes.toml'), options=[], template_branch='', command=<hermes.commands.init.base.HermesInitCommand object at 0x7b9cb499bd40>)
1740143385.650764:          hermes.cli:     DEBUG | Loading settings...
1740143385.650822:          hermes.cli:     DEBUG | Update settings from command line...
1740143385.650863:          hermes.cli:      INFO | Run subcommand init
1740143385.665614:         hermes.init:      INFO | Git project using GitHub detected.

1740143385.665812:         hermes.init:   WARNING | The current directory already has a `hermes.toml`. It seems like HERMES was already initialized for this project.
1740143401.461987:          hermes.cli:     DEBUG | Running hermes with the following command line arguments: Namespace(subcommand='init', path=PosixPath('.'), config=PosixPath('hermes.toml'), options=[], template_branch='', command=<hermes.commands.init.base.HermesInitCommand object at 0x708c9be21dc0>)
1740143401.462317:          hermes.cli:     DEBUG | Loading settings...
1740143401.462374:          hermes.cli:     DEBUG | Update settings from command line...
1740143401.462416:          hermes.cli:      INFO | Run subcommand init
1740143401.476430:         hermes.init:      INFO | Git project using GitHub detected.

1740143401.476671:         hermes.init:   WARNING | The current directory already has a `hermes.toml`. It seems like HERMES was already initialized for this project.
1740143404.819950:         hermes.init:      INFO | Starting to initialize HERMES in /home/n.heeb/Desktop/my-hermes-fruit-salad ...
1740143404.820227:         hermes.init:      INFO | -- Step 1 of 7: Configure deposition platform and setup method --
1740143404.820345:         hermes.init:      INFO | Where do you want to publish the software?
1740143405.971727:         hermes.init:      INFO | You selected "Zenodo (Sandbox)".

1740143405.972036:         hermes.init:      INFO | How do you want to connect Zenodo (Sandbox) with your GitHub CI?
1740143408.892708:         hermes.init:      INFO | You selected "Automatically (using OAuth / Device Flow)".

1740143408.892969:         hermes.init:      INFO | -- Step 2 of 7: Configure HERMES behaviour --
1740143408.893037:         hermes.init:      INFO | When should the automated HERMES process start?
1740146505.489193:          hermes.cli:     DEBUG | Running hermes with the following command line arguments: Namespace(subcommand='init', path=PosixPath('.'), config=PosixPath('hermes.toml'), options=[], template_branch='', command=<hermes.commands.init.base.HermesInitCommand object at 0x7898c5334590>)
1740146505.490030:          hermes.cli:     DEBUG | Loading settings...
1740146505.490129:          hermes.cli:     DEBUG | Update settings from command line...
1740146505.490180:          hermes.cli:      INFO | Run subcommand init
1740146505.505375:         hermes.init:      INFO | Git project using GitHub detected.

1740146505.505608:         hermes.init:   WARNING | The current directory already has a `hermes.toml`. It seems like HERMES was already initialized for this project.
1740146548.708321:          hermes.cli:     DEBUG | Running hermes with the following command line arguments: Namespace(subcommand='init', path=PosixPath('.'), config=PosixPath('hermes.toml'), options=[], template_branch='', command=<hermes.commands.init.base.HermesInitCommand object at 0x713f0487eae0>)
1740146548.708610:          hermes.cli:     DEBUG | Loading settings...
1740146548.708658:          hermes.cli:     DEBUG | Update settings from command line...
1740146548.708695:          hermes.cli:      INFO | Run subcommand init
1740146548.721584:         hermes.init:      INFO | Git project using GitHub detected.

1740146548.721837:         hermes.init:   WARNING | The current directory already has a `hermes.toml`. It seems like HERMES was already initialized for this project.
1740146569.081259:          hermes.cli:     DEBUG | Running hermes with the following command line arguments: Namespace(subcommand='init', path=PosixPath('.'), config=PosixPath('hermes.toml'), options=[], template_branch='', command=<hermes.commands.init.base.HermesInitCommand object at 0x701ee3c7d7c0>)
1740146569.081552:          hermes.cli:     DEBUG | Loading settings...
1740146569.081605:          hermes.cli:     DEBUG | Update settings from command line...
1740146569.081644:          hermes.cli:      INFO | Run subcommand init
1740146569.094826:         hermes.init:      INFO | Git project using GitHub detected.

1740146569.095074:         hermes.init:   WARNING | The current directory already has a `hermes.toml`. It seems like HERMES was already initialized for this project.
1740146654.874297:          hermes.cli:     DEBUG | Running hermes with the following command line arguments: Namespace(subcommand='init', path=PosixPath('.'), config=PosixPath('hermes.toml'), options=[], template_branch='', command=<hermes.commands.init.base.HermesInitCommand object at 0x797027530590>)
1740146654.874597:          hermes.cli:     DEBUG | Loading settings...
1740146654.874649:          hermes.cli:     DEBUG | Update settings from command line...
1740146654.874688:          hermes.cli:      INFO | Run subcommand init
1740146654.887955:         hermes.init:      INFO | Git project using GitHub detected.

1740146654.888260:         hermes.init:   WARNING | The current directory already has a `hermes.toml`. It seems like HERMES was already initialized for this project.
1740146907.234240:          hermes.cli:     DEBUG | Running hermes with the following command line arguments: Namespace(subcommand='init', path=PosixPath('.'), config=PosixPath('hermes.toml'), options=[], template_branch='', command=<hermes.commands.init.base.HermesInitCommand object at 0x7eb49cb313d0>)
1740146907.234540:          hermes.cli:     DEBUG | Loading settings...
1740146907.234591:          hermes.cli:     DEBUG | Update settings from command line...
1740146907.234630:          hermes.cli:      INFO | Run subcommand init
1740146907.249202:         hermes.init:      INFO | Git project using GitHub detected.

1740146907.249396:         hermes.init:   WARNING | The current directory already has a `hermes.toml`. It seems like HERMES was already initialized for this project.
1740146983.500938:          hermes.cli:     DEBUG | Running hermes with the following command line arguments: Namespace(subcommand='init', path=PosixPath('.'), config=PosixPath('hermes.toml'), options=[], template_branch='', command=<hermes.commands.init.base.HermesInitCommand object at 0x782033cd4500>)
1740146983.501261:          hermes.cli:     DEBUG | Loading settings...
1740146983.501325:          hermes.cli:     DEBUG | Update settings from command line...
1740146983.501363:          hermes.cli:      INFO | Run subcommand init
1740146983.513616:         hermes.init:      INFO | Git project using GitHub detected.

1740146983.513812:         hermes.init:   WARNING | The current directory already has a `hermes.toml`. It seems like HERMES was already initialized for this project.
1740146984.091798:         hermes.init:      INFO | Starting to initialize HERMES in /home/n.heeb/Desktop/my-hermes-fruit-salad ...
1740146984.092072:         hermes.init:      INFO | -- Step 1 of 7: Configure deposition platform and setup method --
1740146984.092177:         hermes.init:      INFO | Where do you want to publish the software?
1740146984.970119:         hermes.init:      INFO | You selected "Zenodo (Sandbox)".

1740146984.970417:         hermes.init:      INFO | How do you want to connect Zenodo (Sandbox) with your GitHub CI?
1740146986.012071:         hermes.init:      INFO | You selected "Automatically (using OAuth / Device Flow)".

1740146986.012362:         hermes.init:      INFO | -- Step 2 of 7: Configure HERMES behaviour --
1740146986.012438:         hermes.init:      INFO | When should the automated HERMES process start?
1740146988.838156:         hermes.init:      INFO | You selected "When I push the current branch publish".

1740146990.969597:         hermes.init:      INFO | Which other folders / files of your root directory should be included in the Zenodo (Sandbox) upload?
1740147000.335664:         hermes.init:      INFO | You selected "Everything (all folders & all files)".

1740147000.335960:         hermes.init:      INFO | Your upload will consist of the following:
1740147000.336061:         hermes.init:      INFO | 	Unzipped:
1740147000.336296:         hermes.init:      INFO | 		README.md
1740147000.336378:         hermes.init:      INFO | 	Zipped:
1740147000.336432:         hermes.init:      INFO | 		.hermes
1740147000.336475:         hermes.init:      INFO | 		hermes.toml
1740147000.336509:         hermes.init:      INFO | 		CITATION.cff
1740147000.336542:         hermes.init:      INFO | 		README.md
1740147000.336577:         hermes.init:      INFO | 		hermes.log
1740147000.336615:         hermes.init:      INFO | 		.github
1740147000.336649:         hermes.init:      INFO | 		src
1740147000.336684:         hermes.init:      INFO | 		.gitignore
1740147000.336714:         hermes.init:      INFO | 		.git
1740147000.336759:         hermes.init:      INFO | -- Step 3 of 7: Create hermes.toml file --
1740147008.748149:         hermes.init:      INFO | -- Step 4 of 7: Create CITATION.cff file --
1740147008.748358:         hermes.init:      INFO | Your project already contains a `CITATION.cff` file. Nice!
1740147008.748416:         hermes.init:      INFO | -- Step 5 of 7: Create git CI files --
1740147008.758705:         hermes.init:      INFO | The `.gitignore` file already contains `.hermes/`
1740147009.110315:         hermes.init:      INFO | GitHub CI: File was created at .github/workflows/hermes_github.yml
1740147009.110496:         hermes.init:      INFO | -- Step 6 of 7: Connect with deposition platform --
1740147009.110572:         hermes.init:      INFO | Doing OAuth with Zenodo is currently not available.
1740147009.110713:         hermes.init:      INFO | Open this link (https://sandbox.zenodo.org/account/settings/applications/tokens/new/) and create an access token.
1740147009.110758:         hermes.init:      INFO | It needs the scopes "deposit:actions" and "deposit:write".
1740147015.771830:         hermes.init:   WARNING | The token could not be validated by Zenodo (Sandbox). Make sure to enter the complete token.
(If this error persists, you should try switching to the manual setup mode.)
1740147442.935799:          hermes.cli:     DEBUG | Running hermes with the following command line arguments: Namespace(subcommand='harvest', path=PosixPath('.'), config=PosixPath('hermes.toml'), options=[], command=<hermes.commands.harvest.base.HermesHarvestCommand object at 0x7fbe7c9c2e30>)
1740147442.935942:          hermes.cli:     DEBUG | Loading settings...
1740147442.936838:          hermes.cli:     DEBUG | Update settings from command line...
1740147442.936884:          hermes.cli:      INFO | Run subcommand harvest
1740147443.075402:           audit.cff:      INFO | - Found valid Citation File Format file at: CITATION.cff
1740147443.543190:          hermes.cli:     DEBUG | Running hermes with the following command line arguments: Namespace(subcommand='process', path=PosixPath('.'), config=PosixPath('hermes.toml'), options=[], command=<hermes.commands.process.base.HermesProcessCommand object at 0x7f28fff77700>)
1740147443.543342:          hermes.cli:     DEBUG | Loading settings...
1740147443.544218:          hermes.cli:     DEBUG | Update settings from command line...
1740147443.544280:          hermes.cli:      INFO | Run subcommand process
1740147443.544424:      hermes.process:      INFO | ## Process data from cff
1740147443.545124:   hermes.model.path:     DEBUG | @context: 'Key @type not in @context.'
1740147443.545380:   hermes.model.path:     DEBUG | @type: 'Key @type not in @type.'
1740147443.545703:   hermes.model.path:     DEBUG | Using type SoftwareSourceCode from author.
1740147443.545876:   hermes.model.path:     DEBUG | Using type SoftwareSourceCode from author[0].
1740147443.546064:   hermes.model.path:     DEBUG | Using type SoftwareSourceCode from author[0].@type.
1740147443.546405:   hermes.model.path:     DEBUG | Using type SoftwareSourceCode from author[0].familyName.
1740147443.546722:   hermes.model.path:     DEBUG | Using type SoftwareSourceCode from author[0].givenName.
1740147443.546974:   hermes.model.path:     DEBUG | Using type SoftwareSourceCode from license.
1740147443.547168:   hermes.model.path:     DEBUG | Using type SoftwareSourceCode from name.
1740147443.547577:   hermes.model.path:     DEBUG | Using type SoftwareSourceCode from @context.
1740147443.547870:   hermes.model.path:     DEBUG | Using type SoftwareSourceCode from @type.
1740147444.004989:          hermes.cli:     DEBUG | Running hermes with the following command line arguments: Namespace(subcommand='curate', path=PosixPath('.'), config=PosixPath('hermes.toml'), options=[], command=<hermes.commands.curate.base.HermesCurateCommand object at 0x7f7bf4e3f9d0>)
1740147444.005128:          hermes.cli:     DEBUG | Loading settings...
1740147444.006035:          hermes.cli:     DEBUG | Update settings from command line...
1740147444.006081:          hermes.cli:      INFO | Run subcommand curate
1740147444.006182:       hermes.curate:      INFO | # Metadata curation
1740147495.648274:          hermes.cli:     DEBUG | Running hermes with the following command line arguments: Namespace(subcommand='deposit', path=PosixPath('.'), config=PosixPath('hermes.toml'), options=[['invenio_rdm.auth_token', 'CWRQGgEkYZWxk4YSDZc36jfwFGcYZhLgQKB1LNkO1SwW4t9tNBVaIQGawNoN']], file=[['showcase.zip'], ['README.md']], initial=True, command=<hermes.commands.deposit.base.HermesDepositCommand object at 0x7f0be176f6d0>)
1740147495.648420:          hermes.cli:     DEBUG | Loading settings...
1740147495.649305:          hermes.cli:     DEBUG | Update settings from command line...
1740147495.649363:          hermes.cli:      INFO | Run subcommand deposit
1740147495.649604:   hermes.model.path:     DEBUG | codemeta: 'Key @type not in codemeta.'
1740147495.650379:   hermes.model.path:     DEBUG | codemeta.identifier: 'Key @type not in codemeta.identifier.'
1740147495.650426:   hermes.model.path:     DEBUG | codemeta: 'Key @type not in codemeta.'
1740147495.650644:   hermes.model.path:     DEBUG | codemeta: 'Key @type not in codemeta.'
1740147495.650810:   hermes.model.path:     DEBUG | deposit: 'Key @type not in deposit.'
1740147495.650977:   hermes.model.path:     DEBUG | deposit.invenio_rdm: 'Key @type not in deposit.invenio_rdm.'
1740147495.651012:   hermes.model.path:     DEBUG | deposit: 'Key @type not in deposit.'
1740147495.651187:   hermes.model.path:     DEBUG | deposit.invenio_rdm.latestRecord: 'Key @type not in deposit.invenio_rdm.latestRecord.'
1740147495.651252:   hermes.model.path:     DEBUG | deposit.invenio_rdm: 'Key @type not in deposit.invenio_rdm.'
1740147495.651285:   hermes.model.path:     DEBUG | deposit: 'Key @type not in deposit.'
1740147495.651523:   hermes.model.path:     DEBUG | codemeta: 'Key @type not in codemeta.'
1740147496.307416:   hermes.model.path:     DEBUG | deposit.invenio_rdm.license: 'Key @type not in deposit.invenio_rdm.license.'
1740147496.307509:   hermes.model.path:     DEBUG | deposit.invenio_rdm: 'Key @type not in deposit.invenio_rdm.'
1740147496.307544:   hermes.model.path:     DEBUG | deposit: 'Key @type not in deposit.'
1740147496.307852:   hermes.model.path:     DEBUG | deposit.invenio_rdm.communities: 'Key @type not in deposit.invenio_rdm.communities.'
1740147496.307893:   hermes.model.path:     DEBUG | deposit.invenio_rdm: 'Key @type not in deposit.invenio_rdm.'
1740147496.307924:   hermes.model.path:     DEBUG | deposit: 'Key @type not in deposit.'
1740147496.308151:   hermes.model.path:     DEBUG | deposit.invenio_rdm.access_right: 'Key @type not in deposit.invenio_rdm.access_right.'
1740147496.308189:   hermes.model.path:     DEBUG | deposit.invenio_rdm: 'Key @type not in deposit.invenio_rdm.'
1740147496.308239:   hermes.model.path:     DEBUG | deposit: 'Key @type not in deposit.'
1740147496.308463:   hermes.model.path:     DEBUG | deposit.invenio_rdm.embargo_date: 'Key @type not in deposit.invenio_rdm.embargo_date.'
1740147496.308500:   hermes.model.path:     DEBUG | deposit.invenio_rdm: 'Key @type not in deposit.invenio_rdm.'
1740147496.308528:   hermes.model.path:     DEBUG | deposit: 'Key @type not in deposit.'
1740147496.308729:   hermes.model.path:     DEBUG | deposit.invenio_rdm.access_conditions: 'Key @type not in deposit.invenio_rdm.access_conditions.'
1740147496.308765:   hermes.model.path:     DEBUG | deposit.invenio_rdm: 'Key @type not in deposit.invenio_rdm.'
1740147496.308793:   hermes.model.path:     DEBUG | deposit: 'Key @type not in deposit.'
1740147496.308995:   hermes.model.path:     DEBUG | deposit.invenio_rdm: 'Key @type not in deposit.invenio_rdm.'
1740147496.309029:   hermes.model.path:     DEBUG | deposit: 'Key @type not in deposit.'
1740147496.309252:   hermes.model.path:     DEBUG | codemeta: 'Key @type not in codemeta.'
1740147496.309454:   hermes.model.path:     DEBUG | deposit.invenio_rdm.depositionMetadata: 'Key @type not in deposit.invenio_rdm.depositionMetadata.'
1740147496.309492:   hermes.model.path:     DEBUG | deposit.invenio_rdm: 'Key @type not in deposit.invenio_rdm.'
1740147496.309520:   hermes.model.path:     DEBUG | deposit: 'Key @type not in deposit.'
1740147498.645718:          hermes.cli:     DEBUG | Running hermes with the following command line arguments: Namespace(subcommand='postprocess', path=PosixPath('.'), config=PosixPath('hermes.toml'), options=[], command=<hermes.commands.postprocess.base.HermesPostprocessCommand object at 0x7fac0ee3f3d0>)
1740147498.645881:          hermes.cli:     DEBUG | Loading settings...
1740147498.646816:          hermes.cli:     DEBUG | Update settings from command line...
1740147498.646863:          hermes.cli:      INFO | Run subcommand postprocess
